Script started on 2022-07-06 22:08:20+08:00 [TERM="xterm-256color" TTY="/dev/pts/5" COLUMNS="159" LINES="48"]
set -euo pipefail; \
set -x; \
export SHOULD_USE_VIRTUALENV="true"; \
export ANSIBLE_LIBRARY="$PWD/../ansible-lib/modules"; \
export ANSIBLE_ACTION_PLUGINS="$PWD/../ansible-lib/plugins/action"; \
export PROVIDER_MEMORY="768"; \
export PLATFORM_BOX="generic/ubuntu2004"; \
export VAGRANT_DOKKU_BOX="ubuntu_dokku_0.1"; \
export ROLES_TO_TEST="demo dokku.install dokku.configure dokku.apps.clone-and-push"; \
export VERBOSITY=""; \
export PYTHON3="python3.8"; \
if which time; then export timer="`which time` -v"; else export timer=""; fi; \
$timer ./run_molecule_tests.sh virtualbox
+ export SHOULD_USE_VIRTUALENV=true
+ SHOULD_USE_VIRTUALENV=true
+ export ANSIBLE_LIBRARY=/home/arran/dev/12-technologies-tried/dokku-plus-vouch-w-ansible/ansible-dokku-vouch-provisioner-git/ansible-roles/../ansible-lib/modules
+ ANSIBLE_LIBRARY=/home/arran/dev/12-technologies-tried/dokku-plus-vouch-w-ansible/ansible-dokku-vouch-provisioner-git/ansible-roles/../ansible-lib/modules
+ export ANSIBLE_ACTION_PLUGINS=/home/arran/dev/12-technologies-tried/dokku-plus-vouch-w-ansible/ansible-dokku-vouch-provisioner-git/ansible-roles/../ansible-lib/plugins/action
+ ANSIBLE_ACTION_PLUGINS=/home/arran/dev/12-technologies-tried/dokku-plus-vouch-w-ansible/ansible-dokku-vouch-provisioner-git/ansible-roles/../ansible-lib/plugins/action
+ export PROVIDER_MEMORY=768
+ PROVIDER_MEMORY=768
+ export PLATFORM_BOX=generic/ubuntu2004
+ PLATFORM_BOX=generic/ubuntu2004
+ export VAGRANT_DOKKU_BOX=ubuntu_dokku_0.1
+ VAGRANT_DOKKU_BOX=ubuntu_dokku_0.1
+ export 'ROLES_TO_TEST=demo dokku.install dokku.configure dokku.apps.clone-and-push'
+ ROLES_TO_TEST='demo dokku.install dokku.configure dokku.apps.clone-and-push'
+ export VERBOSITY=
+ VERBOSITY=
+ export PYTHON3=python3.8
+ PYTHON3=python3.8
+ which time
/usr/bin/time
++ which time
+ export 'timer=/usr/bin/time -v'
+ timer='/usr/bin/time -v'
+ /usr/bin/time -v ./run_molecule_tests.sh virtualbox
[35m== RUN_MOLECULE_TESTS==[0m
PATH is: /home/arran/.local/bin:/home/arran/bin:/usr/local/sbin:/usr/local/bin:/usr/sbin:/usr/bin:/sbin:/bin:/usr/games:/usr/local/games:/snap/bin
+ cd ../install-ansible
+ make env
make[1]: Entering directory '/mnt/data/dev/12-technologies-tried/dokku-plus-vouch-w-ansible/ansible-dokku-vouch-provisioner-git/install-ansible'
python3.8 -m pip install --user --upgrade virtualenv pip wheel
Requirement already satisfied: virtualenv in /home/arran/.local/lib/python3.8/site-packages (20.15.1)
Requirement already satisfied: pip in /home/arran/.local/lib/python3.8/site-packages (22.1.2)
Requirement already satisfied: wheel in /home/arran/.local/lib/python3.8/site-packages (0.37.1)
Requirement already satisfied: distlib<1,>=0.3.1 in /home/arran/.local/lib/python3.8/site-packages (from virtualenv) (0.3.3)
Requirement already satisfied: filelock<4,>=3.2 in /home/arran/.local/lib/python3.8/site-packages (from virtualenv) (3.3.0)
Requirement already satisfied: platformdirs<3,>=2 in /home/arran/.local/lib/python3.8/site-packages (from virtualenv) (2.4.0)
Requirement already satisfied: six<2,>=1.9.0 in /home/arran/.local/lib/python3.8/site-packages (from virtualenv) (1.16.0)
virtualenv env
created virtual environment CPython3.8.10.final.0-64 in 2342ms
  creator CPython3Posix(dest=/mnt/data/dev/12-technologies-tried/dokku-plus-vouch-w-ansible/ansible-dokku-vouch-provisioner-git/install-ansible/env, clear=False, no_vcs_ignore=False, global=False)
  seeder FromAppData(download=False, pip=bundle, setuptools=bundle, wheel=bundle, via=copy, app_data_dir=/home/arran/.local/share/virtualenv)
    added seed packages: pip==22.1.2, setuptools==62.6.0, wheel==0.37.1
  activators BashActivator,CShellActivator,FishActivator,NushellActivator,PowerShellActivator,PythonActivator
make[1]: Leaving directory '/mnt/data/dev/12-technologies-tried/dokku-plus-vouch-w-ansible/ansible-dokku-vouch-provisioner-git/install-ansible'
+ set +x
sourcing activate ...
installing python prereqs ...
+ cd ../install-ansible
+ make PYTHON3=python3.8 py_prereqs
make[1]: Entering directory '/mnt/data/dev/12-technologies-tried/dokku-plus-vouch-w-ansible/ansible-dokku-vouch-provisioner-git/install-ansible'
set -ex; \
activate=env/bin/activate; if [ -f "$activate" ] ; then . $activate; fi ; \
if [ -f "$activate" ] ; then \
	pip_flags=""; \
else \
	pip_flags="--user"; \
fi; \
python3.8 -m pip install $pip_flags --upgrade pip wheel; \
python3.8 -m pip install $pip_flags --upgrade pip-tools; \
pip-compile --version; \
pip-compile requirements.in; \
python3.8 -m pip install $pip_flags -r requirements.txt
+ activate=env/bin/activate
+ [ -f env/bin/activate ]
+ . env/bin/activate
+ [  = /bin/sh ]
+ deactivate nondestructive
+ unset -f pydoc
+ [ -z  ]
+ [ -z  ]
+ hash -r
+ [ -z  ]
+ unset VIRTUAL_ENV
+ [ ! nondestructive = nondestructive ]
+ VIRTUAL_ENV=/mnt/data/dev/12-technologies-tried/dokku-plus-vouch-w-ansible/ansible-dokku-vouch-provisioner-git/install-ansible/env
+ [  = cygwin ]
+ [  = msys ]
+ export VIRTUAL_ENV
+ _OLD_VIRTUAL_PATH=/mnt/data/dev/12-technologies-tried/dokku-plus-vouch-w-ansible/ansible-dokku-vouch-provisioner-git/install-ansible/env/bin:/home/arran/.local/bin:/home/arran/bin:/usr/local/sbin:/usr/local/bin:/usr/sbin:/usr/bin:/sbin:/bin:/usr/games:/usr/local/games:/snap/bin
+ PATH=/mnt/data/dev/12-technologies-tried/dokku-plus-vouch-w-ansible/ansible-dokku-vouch-provisioner-git/install-ansible/env/bin:/mnt/data/dev/12-technologies-tried/dokku-plus-vouch-w-ansible/ansible-dokku-vouch-provisioner-git/install-ansible/env/bin:/home/arran/.local/bin:/home/arran/bin:/usr/local/sbin:/usr/local/bin:/usr/sbin:/usr/bin:/sbin:/bin:/usr/games:/usr/local/games:/snap/bin
+ export PATH
+ [ -z  ]
+ [ -z  ]
+ _OLD_VIRTUAL_PS1=(env) 
+ [ x != x ]
+ basename /mnt/data/dev/12-technologies-tried/dokku-plus-vouch-w-ansible/ansible-dokku-vouch-provisioner-git/install-ansible/env
+ PS1=(env) (env) 
+ export PS1
+ alias pydoc
+ true
+ hash -r
+ [ -f env/bin/activate ]
+ pip_flags=
+ python3.8 -m pip install --upgrade pip wheel
Requirement already satisfied: pip in ./env/lib/python3.8/site-packages (22.1.2)
Requirement already satisfied: wheel in ./env/lib/python3.8/site-packages (0.37.1)
+ python3.8 -m pip install --upgrade pip-tools
Collecting pip-tools
  Using cached pip_tools-6.8.0-py3-none-any.whl (51 kB)
Collecting build
  Using cached build-0.8.0-py3-none-any.whl (17 kB)
Collecting click>=7
  Using cached click-8.1.3-py3-none-any.whl (96 kB)
Requirement already satisfied: wheel in ./env/lib/python3.8/site-packages (from pip-tools) (0.37.1)
Requirement already satisfied: pip>=21.2 in ./env/lib/python3.8/site-packages (from pip-tools) (22.1.2)
Requirement already satisfied: setuptools in ./env/lib/python3.8/site-packages (from pip-tools) (62.6.0)
Collecting tomli>=1.0.0
  Using cached tomli-2.0.1-py3-none-any.whl (12 kB)
Collecting packaging>=19.0
  Using cached packaging-21.3-py3-none-any.whl (40 kB)
Collecting pep517>=0.9.1
  Using cached pep517-0.12.0-py2.py3-none-any.whl (19 kB)
Collecting pyparsing!=3.0.5,>=2.0.2
  Using cached pyparsing-3.0.9-py3-none-any.whl (98 kB)
Installing collected packages: tomli, pyparsing, click, pep517, packaging, build, pip-tools
Successfully installed build-0.8.0 click-8.1.3 packaging-21.3 pep517-0.12.0 pip-tools-6.8.0 pyparsing-3.0.9 tomli-2.0.1
+ pip-compile --version
pip-compile, version 6.8.0
+ pip-compile requirements.in
[32m#[0m[0m
[32m# This file is autogenerated by pip-compile with python 3.8[0m[0m
[32m# To update, run:[0m[0m
[32m#[0m[0m
[32m#    pip-compile requirements.in[0m[0m
[32m#[0m[0m
ansible==4.2.0
    [32m# via
    #   -r requirements.in
    #   molecule-goss[0m[0m
ansible-compat==2.1.0
    [32m# via molecule[0m[0m
ansible-core==2.11.5
    [32m# via ansible[0m[0m
ansible-lint==5.0.2
    [32m# via -r requirements.in[0m[0m
arrow==0.17.0
    [32m# via jinja2-time[0m[0m
attrs==21.4.0
    [32m# via jsonschema[0m[0m
binaryornot==0.4.4
    [32m# via cookiecutter[0m[0m
bracex==2.1.1
    [32m# via wcmatch[0m[0m
cerberus==1.3.2
    [32m# via molecule[0m[0m
certifi==2020.12.5
    [32m# via requests[0m[0m
cffi==1.14.5
    [32m# via cryptography[0m[0m
chardet==4.0.0
    [32m# via
    #   binaryornot
    #   requests[0m[0m
click==8.1.3
    [32m# via
    #   click-help-colors
    #   cookiecutter
    #   molecule[0m[0m
click-help-colors==0.9
    [32m# via molecule[0m[0m
colorama==0.4.4
    [32m# via rich[0m[0m
commonmark==0.9.1
    [32m# via rich[0m[0m
cookiecutter==2.1.1
    [32m# via molecule[0m[0m
cryptography==3.4.6
    [32m# via ansible-core[0m[0m
distro==1.5.0
    [32m# via selinux[0m[0m
docker==4.4.3
    [32m# via molecule-docker[0m[0m
enrich==1.2.7
    [32m# via
    #   ansible-lint
    #   molecule[0m[0m
flake8==3.8.4
    [32m# via -r requirements.in[0m[0m
idna==2.10
    [32m# via requests[0m[0m
importlib-resources==5.8.0
    [32m# via jsonschema[0m[0m
jinja2==2.11.3
    [32m# via
    #   ansible-core
    #   cookiecutter
    #   jinja2-time
    #   molecule[0m[0m
jinja2-time==0.2.0
    [32m# via cookiecutter[0m[0m
jsonschema==4.6.1
    [32m# via ansible-compat[0m[0m
markupsafe==1.1.1
    [32m# via jinja2[0m[0m
mccabe==0.6.1
    [32m# via flake8[0m[0m
molecule==4.0.0
    [32m# via
    #   -r requirements.in
    #   molecule-docker
    #   molecule-goss
    #   molecule-vagrant[0m[0m
molecule-docker==0.2.4
    [32m# via -r requirements.in[0m[0m
molecule-goss==1.1
    [32m# via -r requirements.in[0m[0m
molecule-vagrant==0.6.1
    [32m# via -r requirements.in[0m[0m
packaging==20.9
    [32m# via
    #   ansible-core
    #   ansible-lint
    #   molecule[0m[0m
pathspec==0.8.1
    [32m# via yamllint[0m[0m
pluggy==0.13.1
    [32m# via molecule[0m[0m
pycodestyle==2.6.0
    [32m# via flake8[0m[0m
pycparser==2.20
    [32m# via cffi[0m[0m
pyflakes==2.2.0
    [32m# via flake8[0m[0m
pygments==2.8.0
    [32m# via rich[0m[0m
pyparsing==2.4.7
    [32m# via packaging[0m[0m
pyrsistent==0.18.1
    [32m# via jsonschema[0m[0m
python-dateutil==2.8.1
    [32m# via arrow[0m[0m
python-slugify==4.0.1
    [32m# via cookiecutter[0m[0m
python-vagrant==0.5.15
    [32m# via -r requirements.in[0m[0m
pyyaml==5.4.1
    [32m# via
    #   ansible-compat
    #   ansible-core
    #   ansible-lint
    #   cookiecutter
    #   molecule
    #   molecule-goss
    #   molecule-vagrant
    #   yamllint[0m[0m
requests==2.25.1
    [32m# via
    #   cookiecutter
    #   docker[0m[0m
resolvelib==0.5.4
    [32m# via ansible-core[0m[0m
rich==9.11.1
    [32m# via
    #   ansible-lint
    #   enrich
    #   molecule[0m[0m
ruamel-yaml==0.17.16
    [32m# via ansible-lint[0m[0m
ruamel-yaml-clib==0.2.6
    [32m# via ruamel-yaml[0m[0m
selinux==0.2.1
    [32m# via
    #   molecule-docker
    #   molecule-vagrant[0m[0m
six==1.15.0
    [32m# via
    #   docker
    #   python-dateutil
    #   websocket-client[0m[0m
subprocess-tee==0.3.5
    [32m# via ansible-compat[0m[0m
text-unidecode==1.3
    [32m# via python-slugify[0m[0m
typing-extensions==3.7.4.3
    [32m# via rich[0m[0m
urllib3==1.26.5
    [32m# via requests[0m[0m
wcmatch==8.2
    [32m# via ansible-lint[0m[0m
websocket-client==0.57.0
    [32m# via docker[0m[0m
yamllint==1.26.0
    [32m# via -r requirements.in[0m[0m
zipp==3.8.0
    [32m# via importlib-resources[0m[0m
[0m
[32m# The following packages are considered to be unsafe in a requirements file:[0m[0m
[32m# setuptools[0m[0m
+ python3.8 -m pip install -r requirements.txt
Collecting ansible==4.2.0
  Using cached ansible-4.2.0-py3-none-any.whl
Collecting ansible-compat==2.1.0
  Using cached ansible_compat-2.1.0-py3-none-any.whl (18 kB)
Collecting ansible-core==2.11.5
  Using cached ansible_core-2.11.5-py3-none-any.whl
Collecting ansible-lint==5.0.2
  Using cached ansible_lint-5.0.2-py3-none-any.whl (93 kB)
Collecting arrow==0.17.0
  Using cached arrow-0.17.0-py2.py3-none-any.whl (50 kB)
Collecting attrs==21.4.0
  Using cached attrs-21.4.0-py2.py3-none-any.whl (60 kB)
Collecting binaryornot==0.4.4
  Using cached binaryornot-0.4.4-py2.py3-none-any.whl (9.0 kB)
Collecting bracex==2.1.1
  Using cached bracex-2.1.1-py3-none-any.whl (10 kB)
Collecting cerberus==1.3.2
  Using cached Cerberus-1.3.2-py3-none-any.whl
Collecting certifi==2020.12.5
  Using cached certifi-2020.12.5-py2.py3-none-any.whl (147 kB)
Collecting cffi==1.14.5
  Using cached cffi-1.14.5-cp38-cp38-manylinux1_x86_64.whl (411 kB)
Collecting chardet==4.0.0
  Using cached chardet-4.0.0-py2.py3-none-any.whl (178 kB)
Requirement already satisfied: click==8.1.3 in ./env/lib/python3.8/site-packages (from -r requirements.txt (line 35)) (8.1.3)
Collecting click-help-colors==0.9
  Using cached click_help_colors-0.9-py3-none-any.whl (5.3 kB)
Collecting colorama==0.4.4
  Using cached colorama-0.4.4-py2.py3-none-any.whl (16 kB)
Collecting commonmark==0.9.1
  Using cached commonmark-0.9.1-py2.py3-none-any.whl (51 kB)
Collecting cookiecutter==2.1.1
  Using cached cookiecutter-2.1.1-py2.py3-none-any.whl (36 kB)
Collecting cryptography==3.4.6
  Using cached cryptography-3.4.6-cp36-abi3-manylinux2014_x86_64.whl (3.2 MB)
Collecting distro==1.5.0
  Using cached distro-1.5.0-py2.py3-none-any.whl (18 kB)
Collecting docker==4.4.3
  Using cached docker-4.4.3-py2.py3-none-any.whl (146 kB)
Collecting enrich==1.2.7
  Using cached enrich-1.2.7-py3-none-any.whl (8.7 kB)
Collecting flake8==3.8.4
  Using cached flake8-3.8.4-py2.py3-none-any.whl (72 kB)
Collecting idna==2.10
  Using cached idna-2.10-py2.py3-none-any.whl (58 kB)
Collecting importlib-resources==5.8.0
  Using cached importlib_resources-5.8.0-py3-none-any.whl (28 kB)
Collecting jinja2==2.11.3
  Using cached Jinja2-2.11.3-py2.py3-none-any.whl (125 kB)
Collecting jinja2-time==0.2.0
  Using cached jinja2_time-0.2.0-py2.py3-none-any.whl (6.4 kB)
Collecting jsonschema==4.6.1
  Using cached jsonschema-4.6.1-py3-none-any.whl (80 kB)
Collecting markupsafe==1.1.1
  Using cached MarkupSafe-1.1.1-cp38-cp38-manylinux2010_x86_64.whl (32 kB)
Collecting mccabe==0.6.1
  Using cached mccabe-0.6.1-py2.py3-none-any.whl (8.6 kB)
Collecting molecule==4.0.0
  Using cached molecule-4.0.0-py3-none-any.whl (247 kB)
Collecting molecule-docker==0.2.4
  Using cached molecule_docker-0.2.4-py3-none-any.whl (15 kB)
Collecting molecule-goss==1.1
  Using cached molecule_goss-1.1-py3-none-any.whl (14 kB)
Collecting molecule-vagrant==0.6.1
  Using cached molecule_vagrant-0.6.1-py3-none-any.whl (26 kB)
Collecting packaging==20.9
  Using cached packaging-20.9-py2.py3-none-any.whl (40 kB)
Collecting pathspec==0.8.1
  Using cached pathspec-0.8.1-py2.py3-none-any.whl (28 kB)
Collecting pluggy==0.13.1
  Using cached pluggy-0.13.1-py2.py3-none-any.whl (18 kB)
Collecting pycodestyle==2.6.0
  Using cached pycodestyle-2.6.0-py2.py3-none-any.whl (41 kB)
Collecting pycparser==2.20
  Using cached pycparser-2.20-py2.py3-none-any.whl (112 kB)
Collecting pyflakes==2.2.0
  Using cached pyflakes-2.2.0-py2.py3-none-any.whl (66 kB)
Collecting pygments==2.8.0
  Using cached Pygments-2.8.0-py3-none-any.whl (983 kB)
Collecting pyparsing==2.4.7
  Using cached pyparsing-2.4.7-py2.py3-none-any.whl (67 kB)
Collecting pyrsistent==0.18.1
  Using cached pyrsistent-0.18.1-cp38-cp38-manylinux_2_17_x86_64.manylinux2014_x86_64.whl (119 kB)
Collecting python-dateutil==2.8.1
  Using cached python_dateutil-2.8.1-py2.py3-none-any.whl (227 kB)
Collecting python-slugify==4.0.1
  Using cached python_slugify-4.0.1-py2.py3-none-any.whl
Collecting python-vagrant==0.5.15
  Using cached python_vagrant-0.5.15-py3-none-any.whl
Collecting pyyaml==5.4.1
  Using cached PyYAML-5.4.1-cp38-cp38-manylinux1_x86_64.whl (662 kB)
Collecting requests==2.25.1
  Using cached requests-2.25.1-py2.py3-none-any.whl (61 kB)
Collecting resolvelib==0.5.4
  Using cached resolvelib-0.5.4-py2.py3-none-any.whl (12 kB)
Collecting rich==9.11.1
  Using cached rich-9.11.1-py3-none-any.whl (195 kB)
Collecting ruamel-yaml==0.17.16
  Using cached ruamel.yaml-0.17.16-py3-none-any.whl (109 kB)
Collecting ruamel-yaml-clib==0.2.6
  Using cached ruamel.yaml.clib-0.2.6-cp38-cp38-manylinux1_x86_64.whl (570 kB)
Collecting selinux==0.2.1
  Using cached selinux-0.2.1-py2.py3-none-any.whl (4.3 kB)
Collecting six==1.15.0
  Using cached six-1.15.0-py2.py3-none-any.whl (10 kB)
Collecting subprocess-tee==0.3.5
  Using cached subprocess_tee-0.3.5-py3-none-any.whl (8.0 kB)
Collecting text-unidecode==1.3
  Using cached text_unidecode-1.3-py2.py3-none-any.whl (78 kB)
Collecting typing-extensions==3.7.4.3
  Using cached typing_extensions-3.7.4.3-py3-none-any.whl (22 kB)
Collecting urllib3==1.26.5
  Using cached urllib3-1.26.5-py2.py3-none-any.whl (138 kB)
Collecting wcmatch==8.2
  Using cached wcmatch-8.2-py3-none-any.whl (41 kB)
Collecting websocket-client==0.57.0
  Using cached websocket_client-0.57.0-py2.py3-none-any.whl (200 kB)
Collecting yamllint==1.26.0
  Using cached yamllint-1.26.0-py2.py3-none-any.whl (60 kB)
Collecting zipp==3.8.0
  Using cached zipp-3.8.0-py3-none-any.whl (5.4 kB)
Requirement already satisfied: setuptools in ./env/lib/python3.8/site-packages (from cerberus==1.3.2->-r requirements.txt (line 25)) (62.6.0)
Installing collected packages: typing-extensions, text-unidecode, resolvelib, python-vagrant, mccabe, distro, commonmark, certifi, zipp, urllib3, subprocess-tee, six, selinux, ruamel-yaml-clib, pyyaml, python-slugify, pyrsistent, pyparsing, pygments, pyflakes, pycparser, pycodestyle, pluggy, pathspec, markupsafe, idna, colorama, click-help-colors, chardet, cerberus, bracex, attrs, yamllint, websocket-client, wcmatch, ruamel-yaml, rich, requests, python-dateutil, packaging, jinja2, importlib-resources, flake8, cffi, binaryornot, jsonschema, enrich, docker, cryptography, arrow, jinja2-time, ansible-lint, ansible-core, ansible-compat, cookiecutter, ansible, molecule, molecule-vagrant, molecule-goss, molecule-docker
  Attempting uninstall: pyparsing
    Found existing installation: pyparsing 3.0.9
    Uninstalling pyparsing-3.0.9:
      Successfully uninstalled pyparsing-3.0.9
  Attempting uninstall: packaging
    Found existing installation: packaging 21.3
    Uninstalling packaging-21.3:
      Successfully uninstalled packaging-21.3
Successfully installed ansible-4.2.0 ansible-compat-2.1.0 ansible-core-2.11.5 ansible-lint-5.0.2 arrow-0.17.0 attrs-21.4.0 binaryornot-0.4.4 bracex-2.1.1 cerberus-1.3.2 certifi-2020.12.5 cffi-1.14.5 chardet-4.0.0 click-help-colors-0.9 colorama-0.4.4 commonmark-0.9.1 cookiecutter-2.1.1 cryptography-3.4.6 distro-1.5.0 docker-4.4.3 enrich-1.2.7 flake8-3.8.4 idna-2.10 importlib-resources-5.8.0 jinja2-2.11.3 jinja2-time-0.2.0 jsonschema-4.6.1 markupsafe-1.1.1 mccabe-0.6.1 molecule-4.0.0 molecule-docker-0.2.4 molecule-goss-1.1 molecule-vagrant-0.6.1 packaging-20.9 pathspec-0.8.1 pluggy-0.13.1 pycodestyle-2.6.0 pycparser-2.20 pyflakes-2.2.0 pygments-2.8.0 pyparsing-2.4.7 pyrsistent-0.18.1 python-dateutil-2.8.1 python-slugify-4.0.1 python-vagrant-0.5.15 pyyaml-5.4.1 requests-2.25.1 resolvelib-0.5.4 rich-9.11.1 ruamel-yaml-0.17.16 ruamel-yaml-clib-0.2.6 selinux-0.2.1 six-1.15.0 subprocess-tee-0.3.5 text-unidecode-1.3 typing-extensions-3.7.4.3 urllib3-1.26.5 wcmatch-8.2 websocket-client-0.57.0 yamllint-1.26.0 zipp-3.8.0
make[1]: Leaving directory '/mnt/data/dev/12-technologies-tried/dokku-plus-vouch-w-ansible/ansible-dokku-vouch-provisioner-git/install-ansible'
+ set +x
Failed to load driver entry point Traceback (most recent call last):
  File "/mnt/data/dev/12-technologies-tried/dokku-plus-vouch-w-ansible/ansible-dokku-vouch-provisioner-git/install-ansible/env/lib/python3.8/site-packages/molecule/api.py", line 53, in drivers
    pm.load_setuptools_entrypoints("molecule.driver")
  File "/mnt/data/dev/12-technologies-tried/dokku-plus-vouch-w-ansible/ansible-dokku-vouch-provisioner-git/install-ansible/env/lib/python3.8/site-packages/pluggy/manager.py", line 299, in load_setuptools_entrypoints
    plugin = ep.load()
  File "/usr/lib/python3.8/importlib/metadata.py", line 77, in load
    module = import_module(match.group('module'))
  File "/usr/lib/python3.8/importlib/__init__.py", line 127, in import_module
    return _bootstrap._gcd_import(name[level:], package, level)
  File "<frozen importlib._bootstrap>", line 1014, in _gcd_import
  File "<frozen importlib._bootstrap>", line 991, in _find_and_load
  File "<frozen importlib._bootstrap>", line 975, in _find_and_load_unlocked
  File "<frozen importlib._bootstrap>", line 671, in _load_unlocked
  File "<frozen importlib._bootstrap_external>", line 848, in exec_module
  File "<frozen importlib._bootstrap>", line 219, in _call_with_frames_removed
  File "/mnt/data/dev/12-technologies-tried/dokku-plus-vouch-w-ansible/ansible-dokku-vouch-provisioner-git/install-ansible/env/lib/python3.8/site-packages/molecule_docker/driver.py", line 28, in <module>
    from molecule.util import lru_cache, sysexit_with_message
ImportError: cannot import name 'lru_cache' from 'molecule.util' (/mnt/data/dev/12-technologies-tried/dokku-plus-vouch-w-ansible/ansible-dokku-vouch-provisioner-git/install-ansible/env/lib/python3.8/site-packages/molecule/util.py)

molecule [1;32m4.0[0m[32m.[0m[1;32m0[0m using python [1;34m3.8[0m 
    [33mansibl[0m[1;33me[0m[1;2;92m:[0m[1;34m2[0m[1;34m.[0m[1;34m11.5[0m
    [33mdelegat[0m[1;33med[0m[1;2;92m:[0m[1;34m4[0m[1;34m.[0m[1;34m0.0[0m[2m from molecule[0m
running roles with provider 'virtualbox' ...
[35m== RUN MOLECULE TESTS FOR ROLE demo ==[0m
+ set -v
+ '[' demo = dokku.apps.clone-and-push ']'
+ which molecule
/mnt/data/dev/12-technologies-tried/dokku-plus-vouch-w-ansible/ansible-dokku-vouch-provisioner-git/install-ansible/env/bin/molecule
++ which molecule
+ ls -alt /mnt/data/dev/12-technologies-tried/dokku-plus-vouch-w-ansible/ansible-dokku-vouch-provisioner-git/install-ansible/env/bin/molecule
-rwxrwxr-x 1 arran arran 365 Jul  6 22:10 /mnt/data/dev/12-technologies-tried/dokku-plus-vouch-w-ansible/ansible-dokku-vouch-provisioner-git/install-ansible/env/bin/molecule
++ which molecule
+ head /dev/null /mnt/data/dev/12-technologies-tried/dokku-plus-vouch-w-ansible/ansible-dokku-vouch-provisioner-git/install-ansible/env/bin/molecule
==> /dev/null <==

==> /mnt/data/dev/12-technologies-tried/dokku-plus-vouch-w-ansible/ansible-dokku-vouch-provisioner-git/install-ansible/env/bin/molecule <==
#!/bin/sh
'''exec' /mnt/data/dev/12-technologies-tried/dokku-plus-vouch-w-ansible/ansible-dokku-vouch-provisioner-git/install-ansible/env/bin/python3.8 "$0" "$@"
' '''
# -*- coding: utf-8 -*-
import re
import sys
from molecule.__main__ import main
if __name__ == '__main__':
    sys.argv[0] = re.sub(r'(-script\.pyw|\.exe)?$', '', sys.argv[0])
    sys.exit(main())
+ printf '*********\n'
*********
+ cd demo
+ PROVIDER_NAME=virtualbox
+ PROVIDER_TYPE=virtualbox
+ molecule test --scenario-name default-scenario
+ sed 's/^/demo:/'
demo:Failed to load driver entry point Traceback (most recent call last):
demo:  File "/mnt/data/dev/12-technologies-tried/dokku-plus-vouch-w-ansible/ansible-dokku-vouch-provisioner-git/install-ansible/env/lib/python3.8/site-packages/molecule/api.py", line 53, in drivers
demo:    pm.load_setuptools_entrypoints("molecule.driver")
demo:  File "/mnt/data/dev/12-technologies-tried/dokku-plus-vouch-w-ansible/ansible-dokku-vouch-provisioner-git/install-ansible/env/lib/python3.8/site-packages/pluggy/manager.py", line 299, in load_setuptools_entrypoints
demo:    plugin = ep.load()
demo:  File "/usr/lib/python3.8/importlib/metadata.py", line 77, in load
demo:    module = import_module(match.group('module'))
demo:  File "/usr/lib/python3.8/importlib/__init__.py", line 127, in import_module
demo:    return _bootstrap._gcd_import(name[level:], package, level)
demo:  File "<frozen importlib._bootstrap>", line 1014, in _gcd_import
demo:  File "<frozen importlib._bootstrap>", line 991, in _find_and_load
demo:  File "<frozen importlib._bootstrap>", line 975, in _find_and_load_unlocked
demo:  File "<frozen importlib._bootstrap>", line 671, in _load_unlocked
demo:  File "<frozen importlib._bootstrap_external>", line 848, in exec_module
demo:  File "<frozen importlib._bootstrap>", line 219, in _call_with_frames_removed
demo:  File "/mnt/data/dev/12-technologies-tried/dokku-plus-vouch-w-ansible/ansible-dokku-vouch-provisioner-git/install-ansible/env/lib/python3.8/site-packages/molecule_docker/driver.py", line 28, in <module>
demo:    from molecule.util import lru_cache, sysexit_with_message
demo:ImportError: cannot import name 'lru_cache' from 'molecule.util' (/mnt/data/dev/12-technologies-tried/dokku-plus-vouch-w-ansible/ansible-dokku-vouch-provisioner-git/install-ansible/env/lib/python3.8/site-packages/molecule/util.py)
demo:
demo:---
demo:dependency:
demo:  name: galaxy
demo:driver:
demo:  name: vagrant
demo:  provider:
demo:    name: ${PROVIDER_NAME}
demo:    options:
demo:      cpus: 2
demo:      memory: ${PROVIDER_MEMORY}
demo:    type: ${PROVIDER_TYPE}
demo:platforms:
demo:  - box: ${PLATFORM_BOX}
demo:    name: dokku-install-test-vm
demo:provisioner:
demo:  config_options:
demo:    defaults:
demo:      stdout_callback: yaml
demo:  name: ansible
demo:verifier:
demo:  directory: ../resources/tests
demo:  name: goss
demo:
demo:[1;31mCRITICAL[0m Failed to pre-validate.
demo:
demo:[1m{[0m[32m'driver'[0m: [1m[[0m[1m{[0m[32m'name'[0m: [1m[[0m[32m'unallowed value vagrant'[0m[1m][0m[1m}[0m[1m][0m[1m}[0m
Command exited with non-zero status 1
	Command being timed: "./run_molecule_tests.sh virtualbox"
	User time (seconds): 33.69
	System time (seconds): 5.07
	Percent of CPU this job got: 33%
	Elapsed (wall clock) time (h:mm:ss or m:ss): 1:54.60
	Average shared text size (kbytes): 0
	Average unshared data size (kbytes): 0
	Average stack size (kbytes): 0
	Average total size (kbytes): 0
	Maximum resident set size (kbytes): 131556
	Average resident set size (kbytes): 0
	Major (requiring I/O) page faults: 193
	Minor (reclaiming a frame) page faults: 820574
	Voluntary context switches: 14087
	Involuntary context switches: 4045
	Swaps: 0
	File system inputs: 534960
	File system outputs: 1058976
	Socket messages sent: 0
	Socket messages received: 0
	Signals delivered: 0
	Page size (bytes): 4096
	Exit status: 1
make: *** [Makefile:81: run_tests_vbx] Error 1

Script done on 2022-07-06 22:10:14+08:00 [COMMAND_EXIT_CODE="2"]
